[2024-12-06 16:01:31] local.ERROR: SQLSTATE[HY000]: General error: 1 table education_videos has no column named author (Connection: sqlite, SQL: insert into "education_videos" ("author", "author_description", "description", "image", "image_author", "publish_date", "tags", "title", "video_link") values (Coastal Watershed Council, Coastal Watershed Council (coastal-watershed.org) is an environmental nonprofit..., The video titled "Sand and Soil Pollution Experiment", by the Coastal Watershed Council..., education-1.jpg, author-1.jpg, 2020-08-19, ["Video","Education","Experiment","Sand","Soil","Pollution"], Sand and Soil Pollution Experiment, https://youtu.be/R6-sTn70MXk?si=NQRvyVyXVgzIEB2m), (Dr Bincos (Peekaboo Kidz), Peekaboo is a cheerful destination..., In the Dr. Binocs Show video titled "What is POLLUTION? | Types of POLLUTION", Dr. Binocs explains..., education-2.jpg, author-2.jpg, 2020-03-24, ["Video","Education","Sand","Soil","Pollution","Earth"], What is POLLUTION?, https://youtu.be/7qkaz8ChelI?si=ehyWmIIWARU_uZzA), (National Geographic, National Geographic is the world's premium destination..., The National Geographic video "How We Can Keep Plastics Out of Our Ocean" discusses..., education-3.jpg, author-3.jpg, 2016-09-17, ["Video","Education","Plastic","Water","Pollution","Ocean"], How We Can Keep Plastics Out of Our Ocean, https://youtu.be/HQTUWK7CM-Y?si=VsrMXBsIFapMP2S7)) {"exception":"[object] (Illuminate\\Database\\QueryException(code: HY000): SQLSTATE[HY000]: General error: 1 table education_videos has no column named author (Connection: sqlite, SQL: insert into \"education_videos\" (\"author\", \"author_description\", \"description\", \"image\", \"image_author\", \"publish_date\", \"tags\", \"title\", \"video_link\") values (Coastal Watershed Council, Coastal Watershed Council (coastal-watershed.org) is an environmental nonprofit..., The video titled \"Sand and Soil Pollution Experiment\", by the Coastal Watershed Council..., education-1.jpg, author-1.jpg, 2020-08-19, [\"Video\",\"Education\",\"Experiment\",\"Sand\",\"Soil\",\"Pollution\"], Sand and Soil Pollution Experiment, https://youtu.be/R6-sTn70MXk?si=NQRvyVyXVgzIEB2m), (Dr Bincos (Peekaboo Kidz), Peekaboo is a cheerful destination..., In the Dr. Binocs Show video titled \"What is POLLUTION? | Types of POLLUTION\", Dr. Binocs explains..., education-2.jpg, author-2.jpg, 2020-03-24, [\"Video\",\"Education\",\"Sand\",\"Soil\",\"Pollution\",\"Earth\"], What is POLLUTION?, https://youtu.be/7qkaz8ChelI?si=ehyWmIIWARU_uZzA), (National Geographic, National Geographic is the world's premium destination..., The National Geographic video \"How We Can Keep Plastics Out of Our Ocean\" discusses..., education-3.jpg, author-3.jpg, 2016-09-17, [\"Video\",\"Education\",\"Plastic\",\"Water\",\"Pollution\",\"Ocean\"], How We Can Keep Plastics Out of Our Ocean, https://youtu.be/HQTUWK7CM-Y?si=VsrMXBsIFapMP2S7)) at C:\\xampp2\\htdocs\\PureEarth-Test-app\\vendor\\laravel\\framework\\src\\Illuminate\\Database\\Connection.php:825)
[stacktrace]
#0 C:\\xampp2\\htdocs\\PureEarth-Test-app\\vendor\\laravel\\framework\\src\\Illuminate\\Database\\Connection.php(779): Illuminate\\Database\\Connection->runQueryCallback('insert into \"ed...', Array, Object(Closure))
#1 C:\\xampp2\\htdocs\\PureEarth-Test-app\\vendor\\laravel\\framework\\src\\Illuminate\\Database\\Connection.php(560): Illuminate\\Database\\Connection->run('insert into \"ed...', Array, Object(Closure))
#2 C:\\xampp2\\htdocs\\PureEarth-Test-app\\vendor\\laravel\\framework\\src\\Illuminate\\Database\\Connection.php(524): Illuminate\\Database\\Connection->statement('insert into \"ed...', Array)
#3 C:\\xampp2\\htdocs\\PureEarth-Test-app\\vendor\\laravel\\framework\\src\\Illuminate\\Database\\Query\\Builder.php(3748): Illuminate\\Database\\Connection->insert('insert into \"ed...', Array)
#4 C:\\xampp2\\htdocs\\PureEarth-Test-app\\database\\seeders\\EducationVideoSeeder.php(12): Illuminate\\Database\\Query\\Builder->insert(Array)
#5 C:\\xampp2\\htdocs\\PureEarth-Test-app\\vendor\\laravel\\framework\\src\\Illuminate\\Container\\BoundMethod.php(36): Database\\Seeders\\EducationVideoSeeder->run()
#6 C:\\xampp2\\htdocs\\PureEarth-Test-app\\vendor\\laravel\\framework\\src\\Illuminate\\Container\\Util.php(43): Illuminate\\Container\\BoundMethod::Illuminate\\Container\\{closure}()
#7 C:\\xampp2\\htdocs\\PureEarth-Test-app\\vendor\\laravel\\framework\\src\\Illuminate\\Container\\BoundMethod.php(95): Illuminate\\Container\\Util::unwrapIfClosure(Object(Closure))
#8 C:\\xampp2\\htdocs\\PureEarth-Test-app\\vendor\\laravel\\framework\\src\\Illuminate\\Container\\BoundMethod.php(35): Illuminate\\Container\\BoundMethod::callBoundMethod(Object(Illuminate\\Foundation\\Application), Array, Object(Closure))
#9 C:\\xampp2\\htdocs\\PureEarth-Test-app\\vendor\\laravel\\framework\\src\\Illuminate\\Container\\Container.php(694): Illuminate\\Container\\BoundMethod::call(Object(Illuminate\\Foundation\\Application), Array, Array, NULL)
#10 C:\\xampp2\\htdocs\\PureEarth-Test-app\\vendor\\laravel\\framework\\src\\Illuminate\\Database\\Seeder.php(184): Illuminate\\Container\\Container->call(Array, Array)
#11 C:\\xampp2\\htdocs\\PureEarth-Test-app\\vendor\\laravel\\framework\\src\\Illuminate\\Database\\Seeder.php(193): Illuminate\\Database\\Seeder->Illuminate\\Database\\{closure}()
#12 C:\\xampp2\\htdocs\\PureEarth-Test-app\\vendor\\laravel\\framework\\src\\Illuminate\\Database\\Console\\Seeds\\SeedCommand.php(70): Illuminate\\Database\\Seeder->__invoke()
#13 C:\\xampp2\\htdocs\\PureEarth-Test-app\\vendor\\laravel\\framework\\src\\Illuminate\\Database\\Eloquent\\Concerns\\GuardsAttributes.php(155): Illuminate\\Database\\Console\\Seeds\\SeedCommand->Illuminate\\Database\\Console\\Seeds\\{closure}()
#14 C:\\xampp2\\htdocs\\PureEarth-Test-app\\vendor\\laravel\\framework\\src\\Illuminate\\Database\\Console\\Seeds\\SeedCommand.php(69): Illuminate\\Database\\Eloquent\\Model::unguarded(Object(Closure))
#15 C:\\xampp2\\htdocs\\PureEarth-Test-app\\vendor\\laravel\\framework\\src\\Illuminate\\Container\\BoundMethod.php(36): Illuminate\\Database\\Console\\Seeds\\SeedCommand->handle()
#16 C:\\xampp2\\htdocs\\PureEarth-Test-app\\vendor\\laravel\\framework\\src\\Illuminate\\Container\\Util.php(43): Illuminate\\Container\\BoundMethod::Illuminate\\Container\\{closure}()
#17 C:\\xampp2\\htdocs\\PureEarth-Test-app\\vendor\\laravel\\framework\\src\\Illuminate\\Container\\BoundMethod.php(95): Illuminate\\Container\\Util::unwrapIfClosure(Object(Closure))
#18 C:\\xampp2\\htdocs\\PureEarth-Test-app\\vendor\\laravel\\framework\\src\\Illuminate\\Container\\BoundMethod.php(35): Illuminate\\Container\\BoundMethod::callBoundMethod(Object(Illuminate\\Foundation\\Application), Array, Object(Closure))
#19 C:\\xampp2\\htdocs\\PureEarth-Test-app\\vendor\\laravel\\framework\\src\\Illuminate\\Container\\Container.php(694): Illuminate\\Container\\BoundMethod::call(Object(Illuminate\\Foundation\\Application), Array, Array, NULL)
#20 C:\\xampp2\\htdocs\\PureEarth-Test-app\\vendor\\laravel\\framework\\src\\Illuminate\\Console\\Command.php(213): Illuminate\\Container\\Container->call(Array)
#21 C:\\xampp2\\htdocs\\PureEarth-Test-app\\vendor\\symfony\\console\\Command\\Command.php(279): Illuminate\\Console\\Command->execute(Object(Symfony\\Component\\Console\\Input\\ArgvInput), Object(Illuminate\\Console\\OutputStyle))
#22 C:\\xampp2\\htdocs\\PureEarth-Test-app\\vendor\\laravel\\framework\\src\\Illuminate\\Console\\Command.php(182): Symfony\\Component\\Console\\Command\\Command->run(Object(Symfony\\Component\\Console\\Input\\ArgvInput), Object(Illuminate\\Console\\OutputStyle))
#23 C:\\xampp2\\htdocs\\PureEarth-Test-app\\vendor\\symfony\\console\\Application.php(1094): Illuminate\\Console\\Command->run(Object(Symfony\\Component\\Console\\Input\\ArgvInput), Object(Symfony\\Component\\Console\\Output\\ConsoleOutput))
#24 C:\\xampp2\\htdocs\\PureEarth-Test-app\\vendor\\symfony\\console\\Application.php(342): Symfony\\Component\\Console\\Application->doRunCommand(Object(Illuminate\\Database\\Console\\Seeds\\SeedCommand), Object(Symfony\\Component\\Console\\Input\\ArgvInput), Object(Symfony\\Component\\Console\\Output\\ConsoleOutput))
#25 C:\\xampp2\\htdocs\\PureEarth-Test-app\\vendor\\symfony\\console\\Application.php(193): Symfony\\Component\\Console\\Application->doRun(Object(Symfony\\Component\\Console\\Input\\ArgvInput), Object(Symfony\\Component\\Console\\Output\\ConsoleOutput))
#26 C:\\xampp2\\htdocs\\PureEarth-Test-app\\vendor\\laravel\\framework\\src\\Illuminate\\Foundation\\Console\\Kernel.php(197): Symfony\\Component\\Console\\Application->run(Object(Symfony\\Component\\Console\\Input\\ArgvInput), Object(Symfony\\Component\\Console\\Output\\ConsoleOutput))
#27 C:\\xampp2\\htdocs\\PureEarth-Test-app\\vendor\\laravel\\framework\\src\\Illuminate\\Foundation\\Application.php(1205): Illuminate\\Foundation\\Console\\Kernel->handle(Object(Symfony\\Component\\Console\\Input\\ArgvInput), Object(Symfony\\Component\\Console\\Output\\ConsoleOutput))
#28 C:\\xampp2\\htdocs\\PureEarth-Test-app\\artisan(13): Illuminate\\Foundation\\Application->handleCommand(Object(Symfony\\Component\\Console\\Input\\ArgvInput))
#29 {main}

[previous exception] [object] (PDOException(code: HY000): SQLSTATE[HY000]: General error: 1 table education_videos has no column named author at C:\\xampp2\\htdocs\\PureEarth-Test-app\\vendor\\laravel\\framework\\src\\Illuminate\\Database\\Connection.php:565)
[stacktrace]
#0 C:\\xampp2\\htdocs\\PureEarth-Test-app\\vendor\\laravel\\framework\\src\\Illuminate\\Database\\Connection.php(565): PDO->prepare('insert into \"ed...')
#1 C:\\xampp2\\htdocs\\PureEarth-Test-app\\vendor\\laravel\\framework\\src\\Illuminate\\Database\\Connection.php(812): Illuminate\\Database\\Connection->Illuminate\\Database\\{closure}('insert into \"ed...', Array)
#2 C:\\xampp2\\htdocs\\PureEarth-Test-app\\vendor\\laravel\\framework\\src\\Illuminate\\Database\\Connection.php(779): Illuminate\\Database\\Connection->runQueryCallback('insert into \"ed...', Array, Object(Closure))
#3 C:\\xampp2\\htdocs\\PureEarth-Test-app\\vendor\\laravel\\framework\\src\\Illuminate\\Database\\Connection.php(560): Illuminate\\Database\\Connection->run('insert into \"ed...', Array, Object(Closure))
#4 C:\\xampp2\\htdocs\\PureEarth-Test-app\\vendor\\laravel\\framework\\src\\Illuminate\\Database\\Connection.php(524): Illuminate\\Database\\Connection->statement('insert into \"ed...', Array)
#5 C:\\xampp2\\htdocs\\PureEarth-Test-app\\vendor\\laravel\\framework\\src\\Illuminate\\Database\\Query\\Builder.php(3748): Illuminate\\Database\\Connection->insert('insert into \"ed...', Array)
#6 C:\\xampp2\\htdocs\\PureEarth-Test-app\\database\\seeders\\EducationVideoSeeder.php(12): Illuminate\\Database\\Query\\Builder->insert(Array)
#7 C:\\xampp2\\htdocs\\PureEarth-Test-app\\vendor\\laravel\\framework\\src\\Illuminate\\Container\\BoundMethod.php(36): Database\\Seeders\\EducationVideoSeeder->run()
#8 C:\\xampp2\\htdocs\\PureEarth-Test-app\\vendor\\laravel\\framework\\src\\Illuminate\\Container\\Util.php(43): Illuminate\\Container\\BoundMethod::Illuminate\\Container\\{closure}()
#9 C:\\xampp2\\htdocs\\PureEarth-Test-app\\vendor\\laravel\\framework\\src\\Illuminate\\Container\\BoundMethod.php(95): Illuminate\\Container\\Util::unwrapIfClosure(Object(Closure))
#10 C:\\xampp2\\htdocs\\PureEarth-Test-app\\vendor\\laravel\\framework\\src\\Illuminate\\Container\\BoundMethod.php(35): Illuminate\\Container\\BoundMethod::callBoundMethod(Object(Illuminate\\Foundation\\Application), Array, Object(Closure))
#11 C:\\xampp2\\htdocs\\PureEarth-Test-app\\vendor\\laravel\\framework\\src\\Illuminate\\Container\\Container.php(694): Illuminate\\Container\\BoundMethod::call(Object(Illuminate\\Foundation\\Application), Array, Array, NULL)
#12 C:\\xampp2\\htdocs\\PureEarth-Test-app\\vendor\\laravel\\framework\\src\\Illuminate\\Database\\Seeder.php(184): Illuminate\\Container\\Container->call(Array, Array)
#13 C:\\xampp2\\htdocs\\PureEarth-Test-app\\vendor\\laravel\\framework\\src\\Illuminate\\Database\\Seeder.php(193): Illuminate\\Database\\Seeder->Illuminate\\Database\\{closure}()
#14 C:\\xampp2\\htdocs\\PureEarth-Test-app\\vendor\\laravel\\framework\\src\\Illuminate\\Database\\Console\\Seeds\\SeedCommand.php(70): Illuminate\\Database\\Seeder->__invoke()
#15 C:\\xampp2\\htdocs\\PureEarth-Test-app\\vendor\\laravel\\framework\\src\\Illuminate\\Database\\Eloquent\\Concerns\\GuardsAttributes.php(155): Illuminate\\Database\\Console\\Seeds\\SeedCommand->Illuminate\\Database\\Console\\Seeds\\{closure}()
#16 C:\\xampp2\\htdocs\\PureEarth-Test-app\\vendor\\laravel\\framework\\src\\Illuminate\\Database\\Console\\Seeds\\SeedCommand.php(69): Illuminate\\Database\\Eloquent\\Model::unguarded(Object(Closure))
#17 C:\\xampp2\\htdocs\\PureEarth-Test-app\\vendor\\laravel\\framework\\src\\Illuminate\\Container\\BoundMethod.php(36): Illuminate\\Database\\Console\\Seeds\\SeedCommand->handle()
#18 C:\\xampp2\\htdocs\\PureEarth-Test-app\\vendor\\laravel\\framework\\src\\Illuminate\\Container\\Util.php(43): Illuminate\\Container\\BoundMethod::Illuminate\\Container\\{closure}()
#19 C:\\xampp2\\htdocs\\PureEarth-Test-app\\vendor\\laravel\\framework\\src\\Illuminate\\Container\\BoundMethod.php(95): Illuminate\\Container\\Util::unwrapIfClosure(Object(Closure))
#20 C:\\xampp2\\htdocs\\PureEarth-Test-app\\vendor\\laravel\\framework\\src\\Illuminate\\Container\\BoundMethod.php(35): Illuminate\\Container\\BoundMethod::callBoundMethod(Object(Illuminate\\Foundation\\Application), Array, Object(Closure))
#21 C:\\xampp2\\htdocs\\PureEarth-Test-app\\vendor\\laravel\\framework\\src\\Illuminate\\Container\\Container.php(694): Illuminate\\Container\\BoundMethod::call(Object(Illuminate\\Foundation\\Application), Array, Array, NULL)
#22 C:\\xampp2\\htdocs\\PureEarth-Test-app\\vendor\\laravel\\framework\\src\\Illuminate\\Console\\Command.php(213): Illuminate\\Container\\Container->call(Array)
#23 C:\\xampp2\\htdocs\\PureEarth-Test-app\\vendor\\symfony\\console\\Command\\Command.php(279): Illuminate\\Console\\Command->execute(Object(Symfony\\Component\\Console\\Input\\ArgvInput), Object(Illuminate\\Console\\OutputStyle))
#24 C:\\xampp2\\htdocs\\PureEarth-Test-app\\vendor\\laravel\\framework\\src\\Illuminate\\Console\\Command.php(182): Symfony\\Component\\Console\\Command\\Command->run(Object(Symfony\\Component\\Console\\Input\\ArgvInput), Object(Illuminate\\Console\\OutputStyle))
#25 C:\\xampp2\\htdocs\\PureEarth-Test-app\\vendor\\symfony\\console\\Application.php(1094): Illuminate\\Console\\Command->run(Object(Symfony\\Component\\Console\\Input\\ArgvInput), Object(Symfony\\Component\\Console\\Output\\ConsoleOutput))
#26 C:\\xampp2\\htdocs\\PureEarth-Test-app\\vendor\\symfony\\console\\Application.php(342): Symfony\\Component\\Console\\Application->doRunCommand(Object(Illuminate\\Database\\Console\\Seeds\\SeedCommand), Object(Symfony\\Component\\Console\\Input\\ArgvInput), Object(Symfony\\Component\\Console\\Output\\ConsoleOutput))
#27 C:\\xampp2\\htdocs\\PureEarth-Test-app\\vendor\\symfony\\console\\Application.php(193): Symfony\\Component\\Console\\Application->doRun(Object(Symfony\\Component\\Console\\Input\\ArgvInput), Object(Symfony\\Component\\Console\\Output\\ConsoleOutput))
#28 C:\\xampp2\\htdocs\\PureEarth-Test-app\\vendor\\laravel\\framework\\src\\Illuminate\\Foundation\\Console\\Kernel.php(197): Symfony\\Component\\Console\\Application->run(Object(Symfony\\Component\\Console\\Input\\ArgvInput), Object(Symfony\\Component\\Console\\Output\\ConsoleOutput))
#29 C:\\xampp2\\htdocs\\PureEarth-Test-app\\vendor\\laravel\\framework\\src\\Illuminate\\Foundation\\Application.php(1205): Illuminate\\Foundation\\Console\\Kernel->handle(Object(Symfony\\Component\\Console\\Input\\ArgvInput), Object(Symfony\\Component\\Console\\Output\\ConsoleOutput))
#30 C:\\xampp2\\htdocs\\PureEarth-Test-app\\artisan(13): Illuminate\\Foundation\\Application->handleCommand(Object(Symfony\\Component\\Console\\Input\\ArgvInput))
#31 {main}
"} 
[2024-12-06 16:12:15] local.ERROR: syntax error, unexpected token "public", expecting end of file {"exception":"[object] (ParseError(code: 0): syntax error, unexpected token \"public\", expecting end of file at C:\\xampp2\\htdocs\\PureEarth-Test-app\\app\\Http\\Controllers\\EducationController.php:5)
[stacktrace]
#0 C:\\xampp2\\htdocs\\PureEarth-Test-app\\vendor\\composer\\ClassLoader.php(427): Composer\\Autoload\\{closure}('C:\\\\xampp2\\\\htdoc...')
#1 [internal function]: Composer\\Autoload\\ClassLoader->loadClass('App\\\\Http\\\\Contro...')
#2 C:\\xampp2\\htdocs\\PureEarth-Test-app\\vendor\\laravel\\framework\\src\\Illuminate\\Routing\\Route.php(1116): is_a('App\\\\Http\\\\Contro...', 'Illuminate\\\\Rout...', true)
#3 C:\\xampp2\\htdocs\\PureEarth-Test-app\\vendor\\laravel\\framework\\src\\Illuminate\\Routing\\Route.php(1053): Illuminate\\Routing\\Route->controllerMiddleware()
#4 C:\\xampp2\\htdocs\\PureEarth-Test-app\\vendor\\laravel\\framework\\src\\Illuminate\\Routing\\Router.php(820): Illuminate\\Routing\\Route->gatherMiddleware()
#5 C:\\xampp2\\htdocs\\PureEarth-Test-app\\vendor\\laravel\\framework\\src\\Illuminate\\Routing\\Router.php(802): Illuminate\\Routing\\Router->gatherRouteMiddleware(Object(Illuminate\\Routing\\Route))
#6 C:\\xampp2\\htdocs\\PureEarth-Test-app\\vendor\\laravel\\framework\\src\\Illuminate\\Routing\\Router.php(786): Illuminate\\Routing\\Router->runRouteWithinStack(Object(Illuminate\\Routing\\Route), Object(Illuminate\\Http\\Request))
#7 C:\\xampp2\\htdocs\\PureEarth-Test-app\\vendor\\laravel\\framework\\src\\Illuminate\\Routing\\Router.php(750): Illuminate\\Routing\\Router->runRoute(Object(Illuminate\\Http\\Request), Object(Illuminate\\Routing\\Route))
#8 C:\\xampp2\\htdocs\\PureEarth-Test-app\\vendor\\laravel\\framework\\src\\Illuminate\\Routing\\Router.php(739): Illuminate\\Routing\\Router->dispatchToRoute(Object(Illuminate\\Http\\Request))
#9 C:\\xampp2\\htdocs\\PureEarth-Test-app\\vendor\\laravel\\framework\\src\\Illuminate\\Foundation\\Http\\Kernel.php(201): Illuminate\\Routing\\Router->dispatch(Object(Illuminate\\Http\\Request))
#10 C:\\xampp2\\htdocs\\PureEarth-Test-app\\vendor\\laravel\\framework\\src\\Illuminate\\Pipeline\\Pipeline.php(144): Illuminate\\Foundation\\Http\\Kernel->Illuminate\\Foundation\\Http\\{closure}(Object(Illuminate\\Http\\Request))
#11 C:\\xampp2\\htdocs\\PureEarth-Test-app\\vendor\\laravel\\framework\\src\\Illuminate\\Foundation\\Http\\Middleware\\TransformsRequest.php(21): Illuminate\\Pipeline\\Pipeline->Illuminate\\Pipeline\\{closure}(Object(Illuminate\\Http\\Request))
#12 C:\\xampp2\\htdocs\\PureEarth-Test-app\\vendor\\laravel\\framework\\src\\Illuminate\\Foundation\\Http\\Middleware\\ConvertEmptyStringsToNull.php(31): Illuminate\\Foundation\\Http\\Middleware\\TransformsRequest->handle(Object(Illuminate\\Http\\Request), Object(Closure))
#13 C:\\xampp2\\htdocs\\PureEarth-Test-app\\vendor\\laravel\\framework\\src\\Illuminate\\Pipeline\\Pipeline.php(183): Illuminate\\Foundation\\Http\\Middleware\\ConvertEmptyStringsToNull->handle(Object(Illuminate\\Http\\Request), Object(Closure))
#14 C:\\xampp2\\htdocs\\PureEarth-Test-app\\vendor\\laravel\\framework\\src\\Illuminate\\Foundation\\Http\\Middleware\\TransformsRequest.php(21): Illuminate\\Pipeline\\Pipeline->Illuminate\\Pipeline\\{closure}(Object(Illuminate\\Http\\Request))
#15 C:\\xampp2\\htdocs\\PureEarth-Test-app\\vendor\\laravel\\framework\\src\\Illuminate\\Foundation\\Http\\Middleware\\TrimStrings.php(51): Illuminate\\Foundation\\Http\\Middleware\\TransformsRequest->handle(Object(Illuminate\\Http\\Request), Object(Closure))
#16 C:\\xampp2\\htdocs\\PureEarth-Test-app\\vendor\\laravel\\framework\\src\\Illuminate\\Pipeline\\Pipeline.php(183): Illuminate\\Foundation\\Http\\Middleware\\TrimStrings->handle(Object(Illuminate\\Http\\Request), Object(Closure))
#17 C:\\xampp2\\htdocs\\PureEarth-Test-app\\vendor\\laravel\\framework\\src\\Illuminate\\Http\\Middleware\\ValidatePostSize.php(27): Illuminate\\Pipeline\\Pipeline->Illuminate\\Pipeline\\{closure}(Object(Illuminate\\Http\\Request))
#18 C:\\xampp2\\htdocs\\PureEarth-Test-app\\vendor\\laravel\\framework\\src\\Illuminate\\Pipeline\\Pipeline.php(183): Illuminate\\Http\\Middleware\\ValidatePostSize->handle(Object(Illuminate\\Http\\Request), Object(Closure))
#19 C:\\xampp2\\htdocs\\PureEarth-Test-app\\vendor\\laravel\\framework\\src\\Illuminate\\Foundation\\Http\\Middleware\\PreventRequestsDuringMaintenance.php(110): Illuminate\\Pipeline\\Pipeline->Illuminate\\Pipeline\\{closure}(Object(Illuminate\\Http\\Request))
#20 C:\\xampp2\\htdocs\\PureEarth-Test-app\\vendor\\laravel\\framework\\src\\Illuminate\\Pipeline\\Pipeline.php(183): Illuminate\\Foundation\\Http\\Middleware\\PreventRequestsDuringMaintenance->handle(Object(Illuminate\\Http\\Request), Object(Closure))
#21 C:\\xampp2\\htdocs\\PureEarth-Test-app\\vendor\\laravel\\framework\\src\\Illuminate\\Http\\Middleware\\HandleCors.php(49): Illuminate\\Pipeline\\Pipeline->Illuminate\\Pipeline\\{closure}(Object(Illuminate\\Http\\Request))
#22 C:\\xampp2\\htdocs\\PureEarth-Test-app\\vendor\\laravel\\framework\\src\\Illuminate\\Pipeline\\Pipeline.php(183): Illuminate\\Http\\Middleware\\HandleCors->handle(Object(Illuminate\\Http\\Request), Object(Closure))
#23 C:\\xampp2\\htdocs\\PureEarth-Test-app\\vendor\\laravel\\framework\\src\\Illuminate\\Http\\Middleware\\TrustProxies.php(58): Illuminate\\Pipeline\\Pipeline->Illuminate\\Pipeline\\{closure}(Object(Illuminate\\Http\\Request))
#24 C:\\xampp2\\htdocs\\PureEarth-Test-app\\vendor\\laravel\\framework\\src\\Illuminate\\Pipeline\\Pipeline.php(183): Illuminate\\Http\\Middleware\\TrustProxies->handle(Object(Illuminate\\Http\\Request), Object(Closure))
#25 C:\\xampp2\\htdocs\\PureEarth-Test-app\\vendor\\laravel\\framework\\src\\Illuminate\\Foundation\\Http\\Middleware\\InvokeDeferredCallbacks.php(22): Illuminate\\Pipeline\\Pipeline->Illuminate\\Pipeline\\{closure}(Object(Illuminate\\Http\\Request))
#26 C:\\xampp2\\htdocs\\PureEarth-Test-app\\vendor\\laravel\\framework\\src\\Illuminate\\Pipeline\\Pipeline.php(183): Illuminate\\Foundation\\Http\\Middleware\\InvokeDeferredCallbacks->handle(Object(Illuminate\\Http\\Request), Object(Closure))
#27 C:\\xampp2\\htdocs\\PureEarth-Test-app\\vendor\\laravel\\framework\\src\\Illuminate\\Pipeline\\Pipeline.php(119): Illuminate\\Pipeline\\Pipeline->Illuminate\\Pipeline\\{closure}(Object(Illuminate\\Http\\Request))
#28 C:\\xampp2\\htdocs\\PureEarth-Test-app\\vendor\\laravel\\framework\\src\\Illuminate\\Foundation\\Http\\Kernel.php(176): Illuminate\\Pipeline\\Pipeline->then(Object(Closure))
#29 C:\\xampp2\\htdocs\\PureEarth-Test-app\\vendor\\laravel\\framework\\src\\Illuminate\\Foundation\\Http\\Kernel.php(145): Illuminate\\Foundation\\Http\\Kernel->sendRequestThroughRouter(Object(Illuminate\\Http\\Request))
#30 C:\\xampp2\\htdocs\\PureEarth-Test-app\\vendor\\laravel\\framework\\src\\Illuminate\\Foundation\\Application.php(1190): Illuminate\\Foundation\\Http\\Kernel->handle(Object(Illuminate\\Http\\Request))
#31 C:\\xampp2\\htdocs\\PureEarth-Test-app\\public\\index.php(17): Illuminate\\Foundation\\Application->handleRequest(Object(Illuminate\\Http\\Request))
#32 C:\\xampp2\\htdocs\\PureEarth-Test-app\\vendor\\laravel\\framework\\src\\Illuminate\\Foundation\\resources\\server.php(23): require_once('C:\\\\xampp2\\\\htdoc...')
#33 {main}
"} 
[2024-12-07 15:43:23] local.ERROR: Cannot declare class CreateEducationVideosTable, because the name is already in use {"exception":"[object] (Symfony\\Component\\ErrorHandler\\Error\\FatalError(code: 0): Cannot declare class CreateEducationVideosTable, because the name is already in use at C:\\xampp2\\htdocs\\PureEarth-Test-app\\database\\migrations\\create_eduvid_table.php:7)
[stacktrace]
#0 {main}
"} 
[2024-12-07 15:56:55] local.ERROR: Command "mirgate" is not defined.

Did you mean one of these?
    migrate
    migrate:fresh
    migrate:install
    migrate:refresh
    migrate:reset
    migrate:rollback
    migrate:status {"exception":"[object] (Symfony\\Component\\Console\\Exception\\CommandNotFoundException(code: 0): Command \"mirgate\" is not defined.

Did you mean one of these?
    migrate
    migrate:fresh
    migrate:install
    migrate:refresh
    migrate:reset
    migrate:rollback
    migrate:status at C:\\xampp2\\htdocs\\PureEarth-Test-app\\vendor\\symfony\\console\\Application.php:726)
[stacktrace]
#0 C:\\xampp2\\htdocs\\PureEarth-Test-app\\vendor\\symfony\\console\\Application.php(284): Symfony\\Component\\Console\\Application->find('mirgate')
#1 C:\\xampp2\\htdocs\\PureEarth-Test-app\\vendor\\symfony\\console\\Application.php(193): Symfony\\Component\\Console\\Application->doRun(Object(Symfony\\Component\\Console\\Input\\ArgvInput), Object(Symfony\\Component\\Console\\Output\\ConsoleOutput))
#2 C:\\xampp2\\htdocs\\PureEarth-Test-app\\vendor\\laravel\\framework\\src\\Illuminate\\Foundation\\Console\\Kernel.php(197): Symfony\\Component\\Console\\Application->run(Object(Symfony\\Component\\Console\\Input\\ArgvInput), Object(Symfony\\Component\\Console\\Output\\ConsoleOutput))
#3 C:\\xampp2\\htdocs\\PureEarth-Test-app\\vendor\\laravel\\framework\\src\\Illuminate\\Foundation\\Application.php(1205): Illuminate\\Foundation\\Console\\Kernel->handle(Object(Symfony\\Component\\Console\\Input\\ArgvInput), Object(Symfony\\Component\\Console\\Output\\ConsoleOutput))
#4 C:\\xampp2\\htdocs\\PureEarth-Test-app\\artisan(13): Illuminate\\Foundation\\Application->handleCommand(Object(Symfony\\Component\\Console\\Input\\ArgvInput))
#5 {main}
"} 
[2024-12-07 15:57:01] local.ERROR: Cannot declare class CreateEducationVideosTable, because the name is already in use {"exception":"[object] (Symfony\\Component\\ErrorHandler\\Error\\FatalError(code: 0): Cannot declare class CreateEducationVideosTable, because the name is already in use at C:\\xampp2\\htdocs\\PureEarth-Test-app\\database\\migrations\\create_eduvid_table.php:7)
[stacktrace]
#0 {main}
"} 
